  
= ----- 2015/2/1 星期日 下午 15:57:38
= MRDCL version 2011.1 Startup
= E:\QD\my project\Laundry\March\table-topline\table.stp
= Copyright 1990 - 2009 MRDC Software, Kent, England
  CEP
  CSV 2002 style
  NOLSUM
  OLDNAMES
  OLDWQ
  TIDY
  C(A)<listdata>=..\DDM\DATA.CSV
  C(A)=..\ddm\Laundry-TW1.DAT
  C(A)=..\ddm\Laundry-W5-M1.DAT
  C(A)=..\ddm\Laundry-W5-M2.DAT
  OUTPUT=..\OUTPUT\LAUNDRY-TOLINE-MARCH‘18-V1.TAB
  CHARSET=DOUBLE
= MRDCL version 2011.1 startup completed
  
= ----- 2015/2/1 星期日 下午 15:57:38
= MRDCL compilation phase startup
  Starting compilation
= Stage 1 (data)
= Stage 2 (tables)
= MRDCL compilation phase completed
  
= ----- 2015/2/1 星期日 下午 15:57:38
= MRDCL execution phase startup
= Stage 1 (data)
  CSV file column 2 used to set $W
  CSV file column 3 used to set $M
  Now opening file (A) number 2
  E:\QD\my project\Laundry\March\ddm\Laundry-TW1.DAT
  Now opening file (A) number 3
  E:\QD\my project\Laundry\March\ddm\Laundry-W5-M1.DAT
  Now opening file (A) number 4
  E:\QD\my project\Laundry\March\ddm\Laundry-W5-M2.DAT
=  Data lines read 15766
=  Records 15766
  Number of times reached finish data 15766
  Write commands rejected 2295
  Write commands accepted 13471
  IDF records 13471
= Stage 2 (tables)
  Records to be read 13471
  Passes needed 5
= MRDCL execution phase completed
  
= ----- 2015/2/1 星期日 下午 15:57:38
= MRDCL print phase startup
= MRDCL print phase completed
= CL run completed
  Data lines read 15766
  IDF data records 13471
  Table pages 66
  
= ----- 2015/2/1 星期日 下午 15:57:38
